2025-11-07 23:50:20 - [INFO] - data_cleaning: \U0001f9f9 Starting data cleaning process...
2025-11-07 23:50:20 - [INFO] - data_cleaning: Loaded dataset with shape (200, 5)
2025-11-07 23:50:20 - [INFO] - data_cleaning: \u2705 Cleaned data saved at C:\Users\UMESH KALE\OneDrive\Desktop\fashion_predictor real one\data\clean_data.csv, shape: (200, 6)
2025-11-07 23:50:20 - [INFO] - train_model: \U0001f680 Training Model...
2025-11-07 23:50:20 - [INFO] - feature_engineering: \U0001f39b\ufe0f Starting feature engineering...
2025-11-07 23:50:20 - [INFO] - feature_engineering: \u2705 Metadata saved at C:\Users\UMESH KALE\OneDrive\Desktop\fashion_predictor real one\models\metadata.pkl
2025-11-07 23:50:20 - [INFO] - feature_engineering: Train: (160, 8), Test: (40, 8)
2025-11-07 23:50:20 - [INFO] - train_model: Detected categorical feature indices: [1, 2, 7]
2025-11-07 23:50:58 - [INFO] - train_model: \U0001f4ca R²: -0.2081
2025-11-07 23:50:58 - [INFO] - train_model: RMSE: 1610.0936
2025-11-07 23:50:58 - [INFO] - train_model: MAE: 1424.5538
2025-11-07 23:50:58 - [INFO] - train_model: \u2705 Model saved at C:\Users\UMESH KALE\OneDrive\Desktop\fashion_predictor real one\models\trained_model.pkl
2025-11-07 23:50:58 - [INFO] - train_model: Top features:
       Feature Id  Importances
0           brand    24.717277
1        category    20.890446
2      product_id    15.729513
3  super_category    13.842403
4          rating     9.901548
5   category_freq     7.351891
6      brand_freq     7.004501
7      is_outlier     0.562421
2025-11-07 23:50:58 - [INFO] - predict: \U0001f52e Starting prediction...
