2025-11-07 23:22:32 - [INFO] - data_cleaning: \U0001f9f9 Starting data cleaning process...
2025-11-07 23:22:32 - [INFO] - data_cleaning: Loaded dataset with shape (200, 5)
2025-11-07 23:22:32 - [INFO] - data_cleaning: Detecting outliers using method: zscore
2025-11-07 23:22:32 - [INFO] - data_cleaning: Outliers flagged: 0
2025-11-07 23:22:32 - [INFO] - data_cleaning: \u2705 Cleaned dataset saved at: C:\Users\UMESH KALE\OneDrive\Desktop\fashion_predictor real one\data\clean_data.csv
2025-11-07 23:22:32 - [INFO] - data_cleaning: Final shape after cleaning: (200, 8)
2025-11-07 23:22:32 - [INFO] - train_model: \U0001f680 Starting AutoML model training...
2025-11-07 23:22:32 - [INFO] - feature_engineering: \U0001f39b\ufe0f Starting feature engineering process...
2025-11-07 23:22:32 - [INFO] - feature_engineering: Loaded cleaned dataset with shape: (200, 8)
2025-11-07 23:22:32 - [INFO] - feature_engineering: Categorical columns: ['category', 'brand']
2025-11-07 23:22:32 - [INFO] - feature_engineering: Numerical columns: ['rating', 'brand_avg_price', 'category_avg_price']
2025-11-07 23:22:32 - [INFO] - feature_engineering: Train shape: (160, 21), Test shape: (40, 21)
2025-11-07 23:22:32 - [INFO] - feature_engineering: \u2705 Preprocessor saved at: C:\Users\UMESH KALE\OneDrive\Desktop\fashion_predictor real one\models\preprocessor.pkl
2025-11-07 23:22:32 - [INFO] - train_model: \U0001f9e0 Training XGBoost model...
2025-11-07 23:22:32 - [INFO] - train_model: \u2705 XGBoost Performance:
2025-11-07 23:22:32 - [INFO] - train_model:    R² Score: -0.4033
2025-11-07 23:22:32 - [INFO] - train_model:    RMSE: 1735.2733
2025-11-07 23:22:32 - [INFO] - train_model:    MAE: 1395.4732
2025-11-07 23:22:32 - [INFO] - train_model: \U0001f9e0 Training CatBoost model...
2025-11-07 23:22:32 - [INFO] - train_model: \u2705 CatBoost Performance:
2025-11-07 23:22:32 - [INFO] - train_model:    R² Score: -0.4419
2025-11-07 23:22:32 - [INFO] - train_model:    RMSE: 1758.9964
2025-11-07 23:22:32 - [INFO] - train_model:    MAE: 1399.3153
2025-11-07 23:22:32 - [INFO] - train_model: \U0001f3c6 Best Model Selected: XGBoost with R² = -0.4033
2025-11-07 23:22:33 - [INFO] - train_model: \u2705 Best model saved to C:\Users\UMESH KALE\OneDrive\Desktop\fashion_predictor real one\models\trained_model.pkl
2025-11-07 23:22:33 - [INFO] - predict: \U0001f52e Starting prediction process...
2025-11-07 23:22:33 - [INFO] - predict: \u2705 Predictions saved at: C:\Users\UMESH KALE\OneDrive\Desktop\fashion_predictor real one\data\predictions.csv
2025-11-07 23:22:33 - [INFO] - predict: \U0001f3c6 Highest predicted value item:
product_id                P186
category                 Kurti
brand                     Nike
price                     4927
rating                     3.1
predicted_price    4952.991211
Name: 185, dtype: object
