2025-11-06 06:15:57 - [INFO] - data_cleaning: \U0001f9f9 Starting data cleaning process...
2025-11-06 06:15:57 - [INFO] - data_cleaning: Loaded dataset with shape (200, 5)
2025-11-06 06:15:57 - [INFO] - data_cleaning: Detecting outliers using method: zscore
2025-11-06 06:15:57 - [INFO] - data_cleaning: Outliers flagged: 0
2025-11-06 06:15:57 - [INFO] - data_cleaning: \u2705 Cleaned dataset saved at: C:\Users\UMESH KALE\OneDrive\Desktop\fashion_predictor real one\data\clean_data.csv
2025-11-06 06:15:57 - [INFO] - data_cleaning: Final shape after cleaning: (200, 8)
2025-11-06 06:15:57 - [INFO] - train_model: \U0001f680 Starting model training...
2025-11-06 06:15:57 - [INFO] - feature_engineering: \U0001f39b\ufe0f Starting feature engineering process...
2025-11-06 06:15:57 - [INFO] - feature_engineering: Loaded cleaned dataset with shape: (200, 8)
2025-11-06 06:15:57 - [INFO] - feature_engineering: Categorical columns: ['category', 'brand']
2025-11-06 06:15:57 - [INFO] - feature_engineering: Numerical columns: ['rating', 'brand_avg_price', 'category_avg_price']
2025-11-06 06:15:57 - [INFO] - feature_engineering: Train shape: (160, 21), Test shape: (40, 21)
2025-11-06 06:15:57 - [INFO] - feature_engineering: \u2705 Preprocessor saved at: C:\Users\UMESH KALE\OneDrive\Desktop\fashion_predictor real one\models\preprocessor.pkl
2025-11-06 06:15:57 - [INFO] - train_model: \U0001f9e0 Training XGBoost model...
2025-11-06 06:15:57 - [INFO] - train_model: \U0001f4ca Evaluation Results:
2025-11-06 06:15:57 - [INFO] - train_model: R² Score: -0.5270
2025-11-06 06:15:57 - [INFO] - train_model: RMSE: 0.9324
2025-11-06 06:15:57 - [INFO] - train_model: MAE: 0.7437
2025-11-06 06:15:57 - [INFO] - train_model: \u2705 Trained model saved at: C:\Users\UMESH KALE\OneDrive\Desktop\fashion_predictor real one\models\trained_model.pkl
2025-11-06 06:15:57 - [INFO] - predict: \U0001f52e Starting prediction process...
